
> rest-express@1.0.0 build:client
> vite build

vite v7.3.1 building client environment for production...
transforming...
✓ 22 modules transformed.
✗ Build failed in 132ms
error during build:
[vite:esbuild] Transform failed with 5 errors:
/Users/aaron/.openclaw/workspace-manager/projects/dalconnect/client/src/pages/News.tsx:184:20: ERROR: Unexpected closing "a" tag does not match opening "div" tag
/Users/aaron/.openclaw/workspace-manager/projects/dalconnect/client/src/pages/News.tsx:186:14: ERROR: The character "}" is not valid inside a JSX element
/Users/aaron/.openclaw/workspace-manager/projects/dalconnect/client/src/pages/News.tsx:186:16: ERROR: The character "}" is not valid inside a JSX element
/Users/aaron/.openclaw/workspace-manager/projects/dalconnect/client/src/pages/News.tsx:187:14: ERROR: Unexpected closing "div" tag does not match opening "a" tag
/Users/aaron/.openclaw/workspace-manager/projects/dalconnect/client/src/pages/News.tsx:188:12: ERROR: Expected ";" but found ":"
file: /Users/aaron/.openclaw/workspace-manager/projects/dalconnect/client/src/pages/News.tsx:184:20

Unexpected closing "a" tag does not match opening "div" tag
182 |                        </div>
183 |                      </div>
184 |                    </a>
    |                      ^
185 |                  );
186 |                })}

The character "}" is not valid inside a JSX element
184 |                    </a>
185 |                  );
186 |                })}
    |                ^
187 |              </div>
188 |            ) : (

The character "}" is not valid inside a JSX element
184 |                    </a>
185 |                  );
186 |                })}
    |                  ^
187 |              </div>
188 |            ) : (

Unexpected closing "div" tag does not match opening "a" tag
185 |                  );
186 |                })}
187 |              </div>
    |                ^
188 |            ) : (
189 |              <div className="p-12 text-center text-slate-500">

Expected ";" but found ":"
186 |                })}
187 |              </div>
188 |            ) : (
    |              ^
189 |              <div className="p-12 text-center text-slate-500">
190 |                <div className="text-4xl mb-4">📰</div>

    at failureErrorWithLog (/Users/aaron/.openclaw/workspace-manager/projects/dalconnect/node_modules/vite/node_modules/esbuild/lib/main.js:1467:15)
    at /Users/aaron/.openclaw/workspace-manager/projects/dalconnect/node_modules/vite/node_modules/esbuild/lib/main.js:736:50
    at responseCallbacks.<computed> (/Users/aaron/.openclaw/workspace-manager/projects/dalconnect/node_modules/vite/node_modules/esbuild/lib/main.js:603:9)
    at handleIncomingPacket (/Users/aaron/.openclaw/workspace-manager/projects/dalconnect/node_modules/vite/node_modules/esbuild/lib/main.js:658:12)
    at Socket.readFromStdout (/Users/aaron/.openclaw/workspace-manager/projects/dalconnect/node_modules/vite/node_modules/esbuild/lib/main.js:581:7)
    at Socket.emit (node:events:519:28)
    at addChunk (node:internal/streams/readable:561:12)
    at readableAddChunkPushByteMode (node:internal/streams/readable:512:3)
    at Readable.push (node:internal/streams/readable:392:5)
    at Pipe.onStreamRead (node:internal/stream_base_commons:189:23)
