
> rest-express@1.0.0 build
> tsx script/build.ts

building client...
vite v7.3.1 building client environment for production...
transforming...
✓ 2013 modules transformed.
rendering chunks...
[meta-images] no Replit deployment domain found, skipping meta tag updates
computing gzip size...
../dist/public/index.html                     3.08 kB │ gzip:   1.12 kB
../dist/public/assets/index-xMiqbeOE.css    123.98 kB │ gzip:  18.92 kB
../dist/public/assets/index-BP4vHKke.js   1,189.73 kB │ gzip: 338.98 kB

(!) Some chunks are larger than 500 kB after minification. Consider:
- Using dynamic import() to code-split the application
- Use build.rollupOptions.output.manualChunks to improve chunking: https://rollupjs.org/configuration-options/#output-manualchunks
- Adjust chunk size limit for this warning via build.chunkSizeWarningLimit.
✓ built in 1.48s
building server app...

  dist/app.cjs  1.1mb ⚠️

⚡ Done in 68ms

> rest-express@1.0.0 postbuild
> (npm run db:push && npm run db:init) || echo 'Skipping DB setup - configure DATABASE_URL in Vercel'


> rest-express@1.0.0 db:push
> drizzle-kit push

No config path provided, using default 'drizzle.config.ts'
Reading config file '/Users/aaron/.openclaw/workspace-manager/projects/dalconnect/drizzle.config.ts'
Using 'pg' driver for database querying
[⣷] Pulling schema from database...
[2K[1G[⣯] Pulling schema from database...
[2K[1G[⣟] Pulling schema from database...
[2K[1G[⡿] Pulling schema from database...
[2K[1G[⢿] Pulling schema from database...
[2K[1G[⣻] Pulling schema from database...
[2K[1G[⣽] Pulling schema from database...
[2K[1G[⣷] Pulling schema from database...
[2K[1G[⣯] Pulling schema from database...
[2K[1G[⣟] Pulling schema from database...
[2K[1G[⡿] Pulling schema from database...
[2K[1G[⢿] Pulling schema from database...
[2K[1G[⣻] Pulling schema from database...
[2K[1G[⣽] Pulling schema from database...
[2K[1G[⣷] Pulling schema from database...
[2K[1G[⣯] Pulling schema from database...
[2K[1G[⣟] Pulling schema from database...
[2K[1G[⡿] Pulling schema from database...
[2K[1G[⢿] Pulling schema from database...
[2K[1G[⣻] Pulling schema from database...
[2K[1G[⣽] Pulling schema from database...
[2K[1G[✓] Pulling schema from database...
[✓] Changes applied

> rest-express@1.0.0 db:init
> tsx scripts/import-latest-news-with-images.ts

🗞️  최신 뉴스 임포트 시작 (이미지 포함)...

  📝 기존 뉴스 삭제 중...

❌ 에러: Error: DATABASE_URL environment variable is not set
    at createDbConnection (/Users/aaron/.openclaw/workspace-manager/projects/dalconnect/server/db.ts:9:11)
    at Object.get (/Users/aaron/.openclaw/workspace-manager/projects/dalconnect/server/db.ts:30:20)
    at importNews (/Users/aaron/.openclaw/workspace-manager/projects/dalconnect/scripts/import-latest-news-with-images.ts:223:14)
    at <anonymous> (/Users/aaron/.openclaw/workspace-manager/projects/dalconnect/scripts/import-latest-news-with-images.ts:252:1)
    at ModuleJob.run (node:internal/modules/esm/module_job:343:25)
    at async onImport.tracePromise.__proto__ (node:internal/modules/esm/loader:665:26)
    at async asyncRunEntryPointWithESMLoader (node:internal/modules/run_main:117:5)
Error: DATABASE_URL environment variable is not set
    at createDbConnection (/Users/aaron/.openclaw/workspace-manager/projects/dalconnect/server/db.ts:9:11)
    at Object.get (/Users/aaron/.openclaw/workspace-manager/projects/dalconnect/server/db.ts:30:20)
    at importNews (/Users/aaron/.openclaw/workspace-manager/projects/dalconnect/scripts/import-latest-news-with-images.ts:223:14)
    at <anonymous> (/Users/aaron/.openclaw/workspace-manager/projects/dalconnect/scripts/import-latest-news-with-images.ts:252:1)
    at ModuleJob.run (node:internal/modules/esm/module_job:343:25)
    at async onImport.tracePromise.__proto__ (node:internal/modules/esm/loader:665:26)
    at async asyncRunEntryPointWithESMLoader (node:internal/modules/run_main:117:5)
Skipping DB setup - configure DATABASE_URL in Vercel
