[dotenv@17.3.1] injecting env (3) from .env -- tip: ⚙️  suppress all logs with { quiet: true }
🚀 Starting DFW-wide Korean business expansion scraping...

📍 DATABASE_URL: postgresql://neondb_owner:npg_4PuSVOLIE0Gw@ep-prou...
🔑 API Key: AIzaSyAzcujFS2IfcaxV...
🏙️  Covering 22 DFW cities


🏙️  Searching in Dallas...
   [0.1%] Korean restaurant Dallas Texas
      ✅ Found 20 results
   [0.3%] Korean BBQ Dallas Texas
      ✅ Found 20 results
   [0.4%] Korean food Dallas Texas
      ✅ Found 20 results
   [0.5%] Korean cuisine Dallas Texas
      ✅ Found 20 results
   [0.6%] Korean grocery store Dallas Texas
      ✅ Found 4 results
   [0.8%] H Mart Dallas Texas
      ✅ Found 2 results
   [0.9%] Korean supermarket Dallas Texas
      ✅ Found 20 results
   [1.0%] Korean market Dallas Texas
      ✅ Found 20 results
   [1.2%] Korean church Dallas Texas
      ✅ Found 20 results
   [1.3%] Korean Presbyterian church Dallas Texas
      ✅ Found 13 results
   [1.4%] Korean Methodist church Dallas Texas
      ✅ Found 20 results
   [1.6%] Korean doctor Dallas Texas
      ✅ Found 20 results
   [1.7%] Korean clinic Dallas Texas
      ✅ Found 20 results
   [1.8%] Korean dentist Dallas Texas
      ✅ Found 19 results
   [1.9%] Korean hospital Dallas Texas
      ✅ Found 20 results
   [2.1%] Korean hair salon Dallas Texas
      ✅ Found 20 results
   [2.2%] Korean nail salon Dallas Texas
      ✅ Found 20 results
   [2.3%] Korean spa Dallas Texas
      ✅ Found 3 results
   [2.5%] Korean beauty salon Dallas Texas
      ✅ Found 20 results
   [2.6%] Korean academy Dallas Texas
      ✅ Found 2 results
   [2.7%] Korean tutoring Dallas Texas
      ✅ Found 7 results
   [2.9%] Korean music school Dallas Texas
      ✅ Found 18 results
   [3.0%] Korean learning center Dallas Texas
      ✅ Found 5 results
   [3.1%] Korean realtor Dallas Texas
      ✅ Found 10 results
   [3.2%] Korean real estate Dallas Texas
      ✅ Found 4 results
   [3.4%] Korean real estate agent Dallas Texas
      ✅ Found 20 results
   [3.5%] Korean auto repair Dallas Texas
      ✅ Found 20 results
   [3.6%] Korean car dealer Dallas Texas
      ✅ Found 20 results
   [3.8%] Korean mechanic Dallas Texas
      ✅ Found 20 results
   [3.9%] Korean lawyer Dallas Texas
      ✅ Found 11 results
   [4.0%] Korean attorney Dallas Texas
      ✅ Found 6 results
   [4.2%] Korean CPA Dallas Texas
      ✅ Found 20 results
   [4.3%] Korean accountant Dallas Texas
      ✅ Found 20 results
   [4.4%] Korean business Dallas Texas
      ✅ Found 20 results
   [4.5%] Korean service Dallas Texas
      ✅ Found 20 results

🏙️  Searching in Fort Worth...
   [4.7%] Korean restaurant Fort Worth Texas
      ✅ Found 20 results
   [4.8%] Korean BBQ Fort Worth Texas
      ✅ Found 20 results
   [4.9%] Korean food Fort Worth Texas
      ✅ Found 20 results
   [5.1%] Korean cuisine Fort Worth Texas
      ✅ Found 20 results
   [5.2%] Korean grocery store Fort Worth Texas
      ✅ Found 20 results
   [5.3%] H Mart Fort Worth Texas
      ✅ Found 7 results
   [5.5%] Korean supermarket Fort Worth Texas
      ✅ Found 20 results
   [5.6%] Korean market Fort Worth Texas
      ✅ Found 20 results
   [5.7%] Korean church Fort Worth Texas
      ✅ Found 9 results
   [5.8%] Korean Presbyterian church Fort Worth Texas
      ✅ Found 15 results
   [6.0%] Korean Methodist church Fort Worth Texas
      ✅ Found 20 results
   [6.1%] Korean doctor Fort Worth Texas
      ✅ Found 20 results
   [6.2%] Korean clinic Fort Worth Texas
      ✅ Found 20 results
   [6.4%] Korean dentist Fort Worth Texas
      ✅ Found 20 results
   [6.5%] Korean hospital Fort Worth Texas
      ✅ Found 20 results
   [6.6%] Korean hair salon Fort Worth Texas
      ✅ Found 20 results
   [6.8%] Korean nail salon Fort Worth Texas
      ✅ Found 20 results
   [6.9%] Korean spa Fort Worth Texas
      ✅ Found 20 results
   [7.0%] Korean beauty salon Fort Worth Texas
      ✅ Found 20 results
   [7.1%] Korean academy Fort Worth Texas
      ✅ Found 3 results
   [7.3%] Korean tutoring Fort Worth Texas
      ✅ Found 8 results
   [7.4%] Korean music school Fort Worth Texas
      ✅ Found 17 results
   [7.5%] Korean learning center Fort Worth Texas
      ✅ Found 3 results
   [7.7%] Korean realtor Fort Worth Texas
      ✅ Found 20 results
   [7.8%] Korean real estate Fort Worth Texas
      ✅ Found 12 results
   [7.9%] Korean real estate agent Fort Worth Texas
      ✅ Found 17 results
   [8.1%] Korean auto repair Fort Worth Texas
      ✅ Found 20 results
   [8.2%] Korean car dealer Fort Worth Texas
      ✅ Found 20 results
   [8.3%] Korean mechanic Fort Worth Texas
      ✅ Found 20 results
   [8.4%] Korean lawyer Fort Worth Texas
      ✅ Found 19 results
   [8.6%] Korean attorney Fort Worth Texas
      ✅ Found 20 results
   [8.7%] Korean CPA Fort Worth Texas
      ✅ Found 14 results
   [8.8%] Korean accountant Fort Worth Texas
      ✅ Found 20 results
   [9.0%] Korean business Fort Worth Texas
      ✅ Found 20 results
   [9.1%] Korean service Fort Worth Texas
      ✅ Found 20 results

🏙️  Searching in Plano...
   [9.2%] Korean restaurant Plano Texas
      ✅ Found 20 results
   [9.4%] Korean BBQ Plano Texas
      ✅ Found 20 results
   [9.5%] Korean food Plano Texas
      ✅ Found 20 results
   [9.6%] Korean cuisine Plano Texas
      ✅ Found 20 results
   [9.7%] Korean grocery store Plano Texas
      ✅ Found 18 results
   [9.9%] H Mart Plano Texas
      ✅ Found 1 results
   [10.0%] Korean supermarket Plano Texas
      ✅ Found 20 results
   [10.1%] Korean market Plano Texas
      ✅ Found 8 results
   [10.3%] Korean church Plano Texas
      ✅ Found 17 results
   [10.4%] Korean Presbyterian church Plano Texas
      ✅ Found 1 results
   [10.5%] Korean Methodist church Plano Texas
      ✅ Found 15 results
   [10.6%] Korean doctor Plano Texas
      ✅ Found 20 results
   [10.8%] Korean clinic Plano Texas
      ✅ Found 20 results
   [10.9%] Korean dentist Plano Texas
      ✅ Found 20 results
   [11.0%] Korean hospital Plano Texas
      ✅ Found 20 results
   [11.2%] Korean hair salon Plano Texas
      ✅ Found 20 results
   [11.3%] Korean nail salon Plano Texas
      ✅ Found 20 results
   [11.4%] Korean spa Plano Texas
      ✅ Found 20 results
   [11.6%] Korean beauty salon Plano Texas
      ✅ Found 20 results
   [11.7%] Korean academy Plano Texas
      ✅ Found 2 results
   [11.8%] Korean tutoring Plano Texas
      ✅ Found 11 results
   [11.9%] Korean music school Plano Texas
      ✅ Found 20 results
   [12.1%] Korean learning center Plano Texas
      ✅ Found 1 results
   [12.2%] Korean realtor Plano Texas
      ✅ Found 2 results
   [12.3%] Korean real estate Plano Texas
      ✅ Found 3 results
   [12.5%] Korean real estate agent Plano Texas
      ✅ Found 18 results
   [12.6%] Korean auto repair Plano Texas
      ✅ Found 20 results
   [12.7%] Korean car dealer Plano Texas
      ✅ Found 20 results
   [12.9%] Korean mechanic Plano Texas
      ✅ Found 20 results
   [13.0%] Korean lawyer Plano Texas
      ✅ Found 20 results
   [13.1%] Korean attorney Plano Texas
      ✅ Found 20 results
   [13.2%] Korean CPA Plano Texas
      ✅ Found 1 results
   [13.4%] Korean accountant Plano Texas
      ✅ Found 1 results
   [13.5%] Korean business Plano Texas
      ✅ Found 20 results
   [13.6%] Korean service Plano Texas
      ✅ Found 20 results

🏙️  Searching in Frisco...
   [13.8%] Korean restaurant Frisco Texas
      ✅ Found 20 results
   [13.9%] Korean BBQ Frisco Texas
      ✅ Found 5 results
   [14.0%] Korean food Frisco Texas
      ✅ Found 20 results
   [14.2%] Korean cuisine Frisco Texas
      ✅ Found 20 results
   [14.3%] Korean grocery store Frisco Texas
      ✅ Found 20 results
   [14.4%] H Mart Frisco Texas
      ✅ Found 2 results
   [14.5%] Korean supermarket Frisco Texas
      ✅ Found 20 results
   [14.7%] Korean market Frisco Texas
      ✅ Found 20 results
   [14.8%] Korean church Frisco Texas
      ✅ Found 20 results
   [14.9%] Korean Presbyterian church Frisco Texas
      ✅ Found 8 results
   [15.1%] Korean Methodist church Frisco Texas
      ✅ Found 20 results
   [15.2%] Korean doctor Frisco Texas
      ✅ Found 20 results
   [15.3%] Korean clinic Frisco Texas
      ✅ Found 20 results
   [15.5%] Korean dentist Frisco Texas
      ✅ Found 19 results
   [15.6%] Korean hospital Frisco Texas
      ✅ Found 20 results
   [15.7%] Korean hair salon Frisco Texas
      ✅ Found 20 results
   [15.8%] Korean nail salon Frisco Texas
      ✅ Found 20 results
   [16.0%] Korean spa Frisco Texas
      ✅ Found 20 results
   [16.1%] Korean beauty salon Frisco Texas
      ✅ Found 20 results
   [16.2%] Korean academy Frisco Texas
      ✅ Found 18 results
   [16.4%] Korean tutoring Frisco Texas
      ✅ Found 20 results
   [16.5%] Korean music school Frisco Texas
      ✅ Found 17 results
   [16.6%] Korean learning center Frisco Texas
      ✅ Found 19 results
   [16.8%] Korean realtor Frisco Texas
      ✅ Found 6 results
   [16.9%] Korean real estate Frisco Texas
      ✅ Found 20 results
   [17.0%] Korean real estate agent Frisco Texas
      ✅ Found 20 results
   [17.1%] Korean auto repair Frisco Texas
      ✅ Found 20 results
   [17.3%] Korean car dealer Frisco Texas
      ✅ Found 20 results
   [17.4%] Korean mechanic Frisco Texas
      ✅ Found 20 results
   [17.5%] Korean lawyer Frisco Texas
      ✅ Found 17 results
   [17.7%] Korean attorney Frisco Texas
      ✅ Found 20 results
   [17.8%] Korean CPA Frisco Texas
      ✅ Found 1 results
   [17.9%] Korean accountant Frisco Texas
      ✅ Found 19 results
   [18.1%] Korean business Frisco Texas
      ✅ Found 20 results
   [18.2%] Korean service Frisco Texas
      ✅ Found 20 results

🏙️  Searching in McKinney...
   [18.3%] Korean restaurant McKinney Texas
      ✅ Found 1 results
   [18.4%] Korean BBQ McKinney Texas
      ✅ Found 20 results
   [18.6%] Korean food McKinney Texas
      ✅ Found 20 results
   [18.7%] Korean cuisine McKinney Texas
      ✅ Found 5 results
   [18.8%] Korean grocery store McKinney Texas
      ✅ Found 20 results
   [19.0%] H Mart McKinney Texas
      ✅ Found 2 results
   [19.1%] Korean supermarket McKinney Texas
      ✅ Found 20 results
   [19.2%] Korean market McKinney Texas
      ✅ Found 20 results
   [19.4%] Korean church McKinney Texas
      ✅ Found 5 results
   [19.5%] Korean Presbyterian church McKinney Texas
      ✅ Found 14 results
   [19.6%] Korean Methodist church McKinney Texas
      ✅ Found 6 results
   [19.7%] Korean doctor McKinney Texas
      ✅ Found 20 results
   [19.9%] Korean clinic McKinney Texas
      ✅ Found 20 results
   [20.0%] Korean dentist McKinney Texas
      ✅ Found 20 results
   [20.1%] Korean hospital McKinney Texas
      ✅ Found 19 results
   [20.3%] Korean hair salon McKinney Texas
      ✅ Found 20 results
   [20.4%] Korean nail salon McKinney Texas
      ✅ Found 20 results
   [20.5%] Korean spa McKinney Texas
      ✅ Found 20 results
   [20.6%] Korean beauty salon McKinney Texas
      ✅ Found 20 results
   [20.8%] Korean academy McKinney Texas
      ✅ Found 1 results
   [20.9%] Korean tutoring McKinney Texas
      ✅ Found 18 results
   [21.0%] Korean music school McKinney Texas
      ✅ Found 20 results
   [21.2%] Korean learning center McKinney Texas
      ✅ Found 4 results
   [21.3%] Korean realtor McKinney Texas
      ✅ Found 5 results
   [21.4%] Korean real estate McKinney Texas
      ✅ Found 9 results
   [21.6%] Korean real estate agent McKinney Texas
      ✅ Found 16 results
   [21.7%] Korean auto repair McKinney Texas
      ✅ Found 20 results
   [21.8%] Korean car dealer McKinney Texas
      ✅ Found 20 results
   [21.9%] Korean mechanic McKinney Texas
      ✅ Found 20 results
   [22.1%] Korean lawyer McKinney Texas
      ✅ Found 7 results
   [22.2%] Korean attorney McKinney Texas
      ✅ Found 8 results
   [22.3%] Korean CPA McKinney Texas
      ✅ Found 1 results
   [22.5%] Korean accountant McKinney Texas
      ✅ Found 14 results
   [22.6%] Korean business McKinney Texas
      ✅ Found 20 results
   [22.7%] Korean service McKinney Texas
      ✅ Found 20 results

🏙️  Searching in Prosper...
   [22.9%] Korean restaurant Prosper Texas
      ✅ Found 8 results
   [23.0%] Korean BBQ Prosper Texas
      ✅ Found 20 results
   [23.1%] Korean food Prosper Texas
      ✅ Found 12 results
   [23.2%] Korean cuisine Prosper Texas
      ✅ Found 9 results
   [23.4%] Korean grocery store Prosper Texas
      ✅ Found 20 results
   [23.5%] H Mart Prosper Texas
      ✅ Found 1 results
   [23.6%] Korean supermarket Prosper Texas
      ✅ Found 20 results
   [23.8%] Korean market Prosper Texas
      ✅ Found 20 results
   [23.9%] Korean church Prosper Texas
      ✅ Found 15 results
   [24.0%] Korean Presbyterian church Prosper Texas
      ✅ Found 16 results
   [24.2%] Korean Methodist church Prosper Texas
      ✅ Found 1 results
   [24.3%] Korean doctor Prosper Texas
      ✅ Found 20 results
   [24.4%] Korean clinic Prosper Texas
      ✅ Found 15 results
   [24.5%] Korean dentist Prosper Texas
      ✅ Found 20 results
   [24.7%] Korean hospital Prosper Texas
      ✅ Found 18 results
   [24.8%] Korean hair salon Prosper Texas
      ✅ Found 20 results
   [24.9%] Korean nail salon Prosper Texas
      ✅ Found 20 results
   [25.1%] Korean spa Prosper Texas
      ✅ Found 20 results
   [25.2%] Korean beauty salon Prosper Texas
      ✅ Found 20 results
   [25.3%] Korean academy Prosper Texas
      ✅ Found 20 results
   [25.5%] Korean tutoring Prosper Texas
      ✅ Found 14 results
   [25.6%] Korean music school Prosper Texas
      ✅ Found 19 results
   [25.7%] Korean learning center Prosper Texas
      ✅ Found 1 results
   [25.8%] Korean realtor Prosper Texas
      ✅ Found 15 results
   [26.0%] Korean real estate Prosper Texas
      ✅ Found 14 results
   [26.1%] Korean real estate agent Prosper Texas
      ✅ Found 17 results
   [26.2%] Korean auto repair Prosper Texas
      ✅ Found 20 results
   [26.4%] Korean car dealer Prosper Texas
      ✅ Found 20 results
   [26.5%] Korean mechanic Prosper Texas
      ✅ Found 15 results
   [26.6%] Korean lawyer Prosper Texas
      ✅ Found 11 results
   [26.8%] Korean attorney Prosper Texas
      ✅ Found 12 results
   [26.9%] Korean CPA Prosper Texas
      ✅ Found 13 results
   [27.0%] Korean accountant Prosper Texas
      ✅ Found 17 results
   [27.1%] Korean business Prosper Texas
      ✅ Found 5 results
   [27.3%] Korean service Prosper Texas
      ✅ Found 20 results

🏙️  Searching in Allen...
   [27.4%] Korean restaurant Allen Texas
      ✅ Found 1 results
   [27.5%] Korean BBQ Allen Texas
      ✅ Found 4 results
   [27.7%] Korean food Allen Texas
      ✅ Found 1 results
   [27.8%] Korean cuisine Allen Texas
      ✅ Found 1 results
   [27.9%] Korean grocery store Allen Texas
      ✅ Found 20 results
   [28.1%] H Mart Allen Texas
      ✅ Found 1 results
   [28.2%] Korean supermarket Allen Texas
      ✅ Found 20 results
   [28.3%] Korean market Allen Texas
      ✅ Found 20 results
   [28.4%] Korean church Allen Texas
      ✅ Found 20 results
   [28.6%] Korean Presbyterian church Allen Texas
      ✅ Found 3 results
   [28.7%] Korean Methodist church Allen Texas
      ✅ Found 7 results
   [28.8%] Korean doctor Allen Texas
      ✅ Found 20 results
   [29.0%] Korean clinic Allen Texas
      ✅ Found 20 results
   [29.1%] Korean dentist Allen Texas
      ✅ Found 20 results
   [29.2%] Korean hospital Allen Texas
      ✅ Found 4 results
   [29.4%] Korean hair salon Allen Texas
      ✅ Found 20 results
   [29.5%] Korean nail salon Allen Texas
      ✅ Found 20 results
   [29.6%] Korean spa Allen Texas
      ✅ Found 20 results
   [29.7%] Korean beauty salon Allen Texas
      ✅ Found 20 results
   [29.9%] Korean academy Allen Texas
      ✅ Found 20 results
   [30.0%] Korean tutoring Allen Texas
      ✅ Found 19 results
   [30.1%] Korean music school Allen Texas
      ✅ Found 19 results
   [30.3%] Korean learning center Allen Texas
      ✅ Found 14 results
   [30.4%] Korean realtor Allen Texas
      ✅ Found 3 results
   [30.5%] Korean real estate Allen Texas
      ✅ Found 9 results
   [30.6%] Korean real estate agent Allen Texas
      ✅ Found 16 results
   [30.8%] Korean auto repair Allen Texas
      ✅ Found 20 results
   [30.9%] Korean car dealer Allen Texas
      ✅ Found 20 results
   [31.0%] Korean mechanic Allen Texas
      ✅ Found 20 results
   [31.2%] Korean lawyer Allen Texas
      ✅ Found 14 results
   [31.3%] Korean attorney Allen Texas
      ✅ Found 4 results
   [31.4%] Korean CPA Allen Texas
      ✅ Found 20 results
   [31.6%] Korean accountant Allen Texas
      ✅ Found 20 results
   [31.7%] Korean business Allen Texas
      ✅ Found 1 results
   [31.8%] Korean service Allen Texas
      ✅ Found 20 results

🏙️  Searching in Richardson...
   [31.9%] Korean restaurant Richardson Texas
      ✅ Found 19 results
   [32.1%] Korean BBQ Richardson Texas
      ✅ Found 20 results
   [32.2%] Korean food Richardson Texas
      ✅ Found 20 results
   [32.3%] Korean cuisine Richardson Texas
      ✅ Found 2 results
   [32.5%] Korean grocery store Richardson Texas
      ✅ Found 20 results
   [32.6%] H Mart Richardson Texas
      ✅ Found 1 results
   [32.7%] Korean supermarket Richardson Texas
      ✅ Found 11 results
   [32.9%] Korean market Richardson Texas
      ✅ Found 15 results
   [33.0%] Korean church Richardson Texas
      ✅ Found 5 results
   [33.1%] Korean Presbyterian church Richardson Texas
      ✅ Found 4 results
   [33.2%] Korean Methodist church Richardson Texas
      ✅ Found 5 results
   [33.4%] Korean doctor Richardson Texas
      ✅ Found 20 results
   [33.5%] Korean clinic Richardson Texas
      ✅ Found 3 results
   [33.6%] Korean dentist Richardson Texas
      ✅ Found 20 results
   [33.8%] Korean hospital Richardson Texas
      ✅ Found 20 results
   [33.9%] Korean hair salon Richardson Texas
      ✅ Found 20 results
   [34.0%] Korean nail salon Richardson Texas
      ✅ Found 20 results
   [34.2%] Korean spa Richardson Texas
      ✅ Found 20 results
   [34.3%] Korean beauty salon Richardson Texas
      ✅ Found 20 results
   [34.4%] Korean academy Richardson Texas
      ✅ Found 5 results
   [34.5%] Korean tutoring Richardson Texas
      ✅ Found 10 results
   [34.7%] Korean music school Richardson Texas
      ✅ Found 17 results
   [34.8%] Korean learning center Richardson Texas
      ✅ Found 20 results
   [34.9%] Korean realtor Richardson Texas
      ✅ Found 1 results
   [35.1%] Korean real estate Richardson Texas
      ✅ Found 8 results
   [35.2%] Korean real estate agent Richardson Texas
      ✅ Found 17 results
   [35.3%] Korean auto repair Richardson Texas
      ✅ Found 20 results
   [35.5%] Korean car dealer Richardson Texas
      ✅ Found 20 results
   [35.6%] Korean mechanic Richardson Texas
      ✅ Found 19 results
   [35.7%] Korean lawyer Richardson Texas
      ✅ Found 20 results
   [35.8%] Korean attorney Richardson Texas
      ✅ Found 18 results
   [36.0%] Korean CPA Richardson Texas
      ✅ Found 20 results
   [36.1%] Korean accountant Richardson Texas
      ✅ Found 20 results
   [36.2%] Korean business Richardson Texas
      ✅ Found 20 results
   [36.4%] Korean service Richardson Texas
      ✅ Found 20 results

🏙️  Searching in Garland...
   [36.5%] Korean restaurant Garland Texas
      ✅ Found 20 results
   [36.6%] Korean BBQ Garland Texas
      ✅ Found 20 results
   [36.8%] Korean food Garland Texas
      ✅ Found 20 results
   [36.9%] Korean cuisine Garland Texas
      ✅ Found 20 results
   [37.0%] Korean grocery store Garland Texas
      ✅ Found 20 results
   [37.1%] H Mart Garland Texas
      ✅ Found 2 results
   [37.3%] Korean supermarket Garland Texas
      ✅ Found 20 results
   [37.4%] Korean market Garland Texas
      ✅ Found 20 results
   [37.5%] Korean church Garland Texas
      ✅ Found 20 results
   [37.7%] Korean Presbyterian church Garland Texas
      ✅ Found 6 results
   [37.8%] Korean Methodist church Garland Texas
      ✅ Found 11 results
   [37.9%] Korean doctor Garland Texas
      ✅ Found 20 results
   [38.1%] Korean clinic Garland Texas
      ✅ Found 10 results
   [38.2%] Korean dentist Garland Texas
      ✅ Found 5 results
   [38.3%] Korean hospital Garland Texas
      ✅ Found 5 results
   [38.4%] Korean hair salon Garland Texas
      ✅ Found 20 results
   [38.6%] Korean nail salon Garland Texas
      ✅ Found 20 results
   [38.7%] Korean spa Garland Texas
      ✅ Found 20 results
   [38.8%] Korean beauty salon Garland Texas
      ✅ Found 20 results
   [39.0%] Korean academy Garland Texas
      ✅ Found 14 results
   [39.1%] Korean tutoring Garland Texas
      ✅ Found 3 results
   [39.2%] Korean music school Garland Texas
      ✅ Found 10 results
   [39.4%] Korean learning center Garland Texas
      ✅ Found 6 results
   [39.5%] Korean realtor Garland Texas
      ✅ Found 13 results
   [39.6%] Korean real estate Garland Texas
      ✅ Found 11 results
   [39.7%] Korean real estate agent Garland Texas
      ✅ Found 15 results
   [39.9%] Korean auto repair Garland Texas
      ✅ Found 20 results
   [40.0%] Korean car dealer Garland Texas
      ✅ Found 20 results
   [40.1%] Korean mechanic Garland Texas
      ✅ Found 20 results
   [40.3%] Korean lawyer Garland Texas
      ✅ Found 10 results
   [40.4%] Korean attorney Garland Texas
      ✅ Found 7 results
   [40.5%] Korean CPA Garland Texas
      ✅ Found 11 results
   [40.6%] Korean accountant Garland Texas
      ✅ Found 9 results
   [40.8%] Korean business Garland Texas
      ✅ Found 20 results
   [40.9%] Korean service Garland Texas
      ✅ Found 20 results

🏙️  Searching in Irving...
   [41.0%] Korean restaurant Irving Texas
      ✅ Found 20 results
   [41.2%] Korean BBQ Irving Texas
      ✅ Found 20 results
   [41.3%] Korean food Irving Texas
      ✅ Found 20 results
   [41.4%] Korean cuisine Irving Texas
      ✅ Found 20 results
   [41.6%] Korean grocery store Irving Texas
      ✅ Found 20 results
   [41.7%] H Mart Irving Texas
      ✅ Found 2 results
   [41.8%] Korean supermarket Irving Texas
      ✅ Found 20 results
   [41.9%] Korean market Irving Texas
      ✅ Found 20 results
   [42.1%] Korean church Irving Texas
      ✅ Found 18 results
   [42.2%] Korean Presbyterian church Irving Texas
      ✅ Found 20 results
   [42.3%] Korean Methodist church Irving Texas
      ✅ Found 3 results
   [42.5%] Korean doctor Irving Texas
      ✅ Found 6 results
   [42.6%] Korean clinic Irving Texas
      ✅ Found 13 results
   [42.7%] Korean dentist Irving Texas
      ✅ Found 1 results
   [42.9%] Korean hospital Irving Texas
      ✅ Found 2 results
   [43.0%] Korean hair salon Irving Texas
      ✅ Found 20 results
   [43.1%] Korean nail salon Irving Texas
      ✅ Found 20 results
   [43.2%] Korean spa Irving Texas
      ✅ Found 20 results
   [43.4%] Korean beauty salon Irving Texas
      ✅ Found 20 results
   [43.5%] Korean academy Irving Texas
      ✅ Found 20 results
   [43.6%] Korean tutoring Irving Texas
      ✅ Found 14 results
   [43.8%] Korean music school Irving Texas
      ✅ Found 2 results
   [43.9%] Korean learning center Irving Texas
      ✅ Found 14 results
   [44.0%] Korean realtor Irving Texas
      ✅ Found 19 results
   [44.2%] Korean real estate Irving Texas
      ✅ Found 7 results
   [44.3%] Korean real estate agent Irving Texas
      ✅ Found 17 results
   [44.4%] Korean auto repair Irving Texas
      ✅ Found 20 results
   [44.5%] Korean car dealer Irving Texas
      ✅ Found 20 results
   [44.7%] Korean mechanic Irving Texas
      ✅ Found 20 results
   [44.8%] Korean lawyer Irving Texas
      ✅ Found 20 results
   [44.9%] Korean attorney Irving Texas
      ✅ Found 15 results
   [45.1%] Korean CPA Irving Texas
      ✅ Found 20 results
   [45.2%] Korean accountant Irving Texas
      ✅ Found 19 results
   [45.3%] Korean business Irving Texas
      ✅ Found 20 results
